Using pre-set license
Built from '2020.2/release' branch; Version is '2020.2.0f1 (3721df5a8b28) revision 3613151'; Using compiler version '192528614'; Build Type 'Release'
OS: 'Windows 10  (10.0.0) 64bit' Language: 'ru' Physical Memory: 8090 MB
BatchMode: 1, IsHumanControllingUs: 0, StartBugReporterOnCrash: 0, Is64bit: 1, IsPro: 0

 COMMAND LINE ARGUMENTS:
D:\Unityar\2020.2.0f1\Editor\Unity.exe
-adb2
-batchMode
-noUpm
-name
AssetImportWorker1
-projectPath
D:/My directory/UnityGames/FireBalls3D/FireBalls3D
-logFile
Logs/AssetImportWorker1.log
-srvPort
51700
Successfully changed project path to: D:/My directory/UnityGames/FireBalls3D/FireBalls3D
D:/My directory/UnityGames/FireBalls3D/FireBalls3D
Using Asset Import Pipeline V2.
Refreshing native plugins compatible for Editor in 52.27 ms, found 0 plugins.
Preloading 0 native plugins for Editor in 0.00 ms.
Initialize engine version: 2020.2.0f1 (3721df5a8b28)
[Subsystems] Discovering subsystems at path D:/Unityar/2020.2.0f1/Editor/Data/Resources/UnitySubsystems
[Subsystems] Discovering subsystems at path D:/My directory/UnityGames/FireBalls3D/FireBalls3D/Assets
GfxDevice: creating device client; threaded=0
Direct3D:
    Version:  Direct3D 11.0 [level 11.0]
    Renderer: NVIDIA GeForce GTX 960M (ID=0x139b)
    Vendor:   
    VRAM:     2010 MB
    Driver:   27.21.14.6089
Initialize mono
Mono path[0] = 'D:/Unityar/2020.2.0f1/Editor/Data/Managed'
Mono path[1] = 'D:/Unityar/2020.2.0f1/Editor/Data/MonoBleedingEdge/lib/mono/unityjit'
Mono config path = 'D:/Unityar/2020.2.0f1/Editor/Data/MonoBleedingEdge/etc'
Using monoOptions --debugger-agent=transport=dt_socket,embedding=1,server=y,suspend=n,address=127.0.0.1:56016
Begin MonoManager ReloadAssembly
Registering precompiled unity dll's ...
Register platform support module: D:/Unityar/2020.2.0f1/Editor/Data/PlaybackEngines/WindowsStandaloneSupport/UnityEditor.WindowsStandalone.Extensions.dll
Register platform support module: D:/Unityar/2020.2.0f1/Editor/Data/PlaybackEngines/LinuxStandaloneSupport/UnityEditor.LinuxStandalone.Extensions.dll
Registered in 0.002268 seconds.
Native extension for LinuxStandalone target not found
Native extension for WindowsStandalone target not found
Refreshing native plugins compatible for Editor in 49.95 ms, found 0 plugins.
Preloading 0 native plugins for Editor in 0.00 ms.
Invoked RoslynAnalysisRunner static constructor.
RoslynAnalysisRunner will not be running.
RoslynAnalysisRunner has terminated.
Mono: successfully reloaded assembly
- Completed reload, in  3.100 seconds
Platform modules already initialized, skipping
Registering precompiled user dll's ...
Registered in 0.002333 seconds.
Begin MonoManager ReloadAssembly
Error: Could not load signature of Unity.Android.Logcat.AndroidLogcat:.ctor due to: Could not load file or assembly 'UnityEditor.Android.Extensions, Version=1.0.0.0, Culture=neutral, PublicKeyToken=null' or one of its dependencies. assembly:UnityEditor.Android.Extensions, Version=1.0.0.0, Culture=neutral, PublicKeyToken=null type:<unknown type> member:(null) signature:<none>

Unloading broken assembly Library/ScriptAssemblies/Unity.Mobile.AndroidLogcat.Editor.dll, this assembly can cause crashes in the runtime

Native extension for LinuxStandalone target not found
Native extension for WindowsStandalone target not found
Refreshing native plugins compatible for Editor in 0.46 ms, found 0 plugins.
Preloading 0 native plugins for Editor in 0.00 ms.
Invoked RoslynAnalysisRunner static constructor.
RoslynAnalysisRunner will not be running.
RoslynAnalysisRunner has terminated.
Mono: successfully reloaded assembly
- Completed reload, in  1.751 seconds
Platform modules already initialized, skipping
========================================================================
Worker process is ready to serve import requests
Launched and connected shader compiler UnityShaderCompiler.exe after 0.22 seconds
Refreshing native plugins compatible for Editor in 0.69 ms, found 0 plugins.
Preloading 0 native plugins for Editor in 0.00 ms.
Unloading 1462 Unused Serialized files (Serialized files now loaded: 0)
System memory in use before: 69.6 MB.
System memory in use after: 69.7 MB.

Unloading 67 unused Assets to reduce memory usage. Loaded Objects now: 1893.
Total: 3.510000 ms (FindLiveObjects: 0.212200 ms CreateObjectMapping: 0.118300 ms MarkObjects: 2.967900 ms  DeleteObjects: 0.210100 ms)

========================================================================
Received Import Request.
  path: Assets/Prefabs/Bullet.prefab
  artifactKey: Guid(53ef8409cc672ec41b195f8e6a68e8c7) Importer(815301076,1909f56bfc062723c751e8b465ee728b)
Start importing Assets/Prefabs/Bullet.prefab using Guid(53ef8409cc672ec41b195f8e6a68e8c7) Importer(815301076,1909f56bfc062723c751e8b465ee728b)  -> (artifact id: '627c0af620b90e5b627283476ab537ef') in 0.369533 seconds
  Import took 0.406747 seconds .

========================================================================
Received Prepare
Registering precompiled user dll's ...
Registered in 0.001867 seconds.
Begin MonoManager ReloadAssembly
Error: Could not load signature of Unity.Android.Logcat.AndroidLogcat:.ctor due to: Could not load file or assembly 'UnityEditor.Android.Extensions, Version=1.0.0.0, Culture=neutral, PublicKeyToken=null' or one of its dependencies. assembly:UnityEditor.Android.Extensions, Version=1.0.0.0, Culture=neutral, PublicKeyToken=null type:<unknown type> member:(null) signature:<none>

Unloading broken assembly Library/ScriptAssemblies/Unity.Mobile.AndroidLogcat.Editor.dll, this assembly can cause crashes in the runtime

Native extension for LinuxStandalone target not found
Native extension for WindowsStandalone target not found
Refreshing native plugins compatible for Editor in 0.50 ms, found 0 plugins.
Preloading 0 native plugins for Editor in 0.00 ms.
Warning: Annotation not found!

Invoked RoslynAnalysisRunner static constructor.
RoslynAnalysisRunner will not be running.
RoslynAnalysisRunner has terminated.
Mono: successfully reloaded assembly
- Completed reload, in  1.117 seconds
Platform modules already initialized, skipping
Refreshing native plugins compatible for Editor in 0.44 ms, found 0 plugins.
Preloading 0 native plugins for Editor in 0.00 ms.
Unloading 1436 Unused Serialized files (Serialized files now loaded: 0)
System memory in use before: 70.6 MB.
System memory in use after: 70.6 MB.

Unloading 20 unused Assets to reduce memory usage. Loaded Objects now: 1903.
Total: 3.186900 ms (FindLiveObjects: 0.345900 ms CreateObjectMapping: 0.150300 ms MarkObjects: 2.580500 ms  DeleteObjects: 0.108300 ms)

========================================================================
Received Import Request.
  Time since last request: 179.416720 seconds.
  path: Assets/Prefabs/Bullet.prefab
  artifactKey: Guid(53ef8409cc672ec41b195f8e6a68e8c7) Importer(815301076,1909f56bfc062723c751e8b465ee728b)
Start importing Assets/Prefabs/Bullet.prefab using Guid(53ef8409cc672ec41b195f8e6a68e8c7) Importer(815301076,1909f56bfc062723c751e8b465ee728b)  -> (artifact id: 'b2775c81245e2e0c8f1f62908a20bfcb') in 0.062714 seconds
  Import took 0.091443 seconds .

========================================================================
Received Import Request.
  Time since last request: 21.918470 seconds.
  path: Assets/Prefabs/Bullet.prefab
  artifactKey: Guid(53ef8409cc672ec41b195f8e6a68e8c7) Importer(815301076,1909f56bfc062723c751e8b465ee728b)
Start importing Assets/Prefabs/Bullet.prefab using Guid(53ef8409cc672ec41b195f8e6a68e8c7) Importer(815301076,1909f56bfc062723c751e8b465ee728b)  -> (artifact id: '5629957b61174c93fe9ec204036c646b') in 0.011370 seconds
  Import took 0.043951 seconds .

========================================================================
Received Prepare
Registering precompiled user dll's ...
Registered in 0.002724 seconds.
Begin MonoManager ReloadAssembly
Error: Could not load signature of Unity.Android.Logcat.AndroidLogcat:.ctor due to: Could not load file or assembly 'UnityEditor.Android.Extensions, Version=1.0.0.0, Culture=neutral, PublicKeyToken=null' or one of its dependencies. assembly:UnityEditor.Android.Extensions, Version=1.0.0.0, Culture=neutral, PublicKeyToken=null type:<unknown type> member:(null) signature:<none>

Unloading broken assembly Library/ScriptAssemblies/Unity.Mobile.AndroidLogcat.Editor.dll, this assembly can cause crashes in the runtime

Native extension for LinuxStandalone target not found
Native extension for WindowsStandalone target not found
Refreshing native plugins compatible for Editor in 0.40 ms, found 0 plugins.
Preloading 0 native plugins for Editor in 0.00 ms.
Warning: Annotation not found!

Invoked RoslynAnalysisRunner static constructor.
RoslynAnalysisRunner will not be running.
RoslynAnalysisRunner has terminated.
Mono: successfully reloaded assembly
- Completed reload, in  1.280 seconds
Platform modules already initialized, skipping
Refreshing native plugins compatible for Editor in 0.42 ms, found 0 plugins.
Preloading 0 native plugins for Editor in 0.00 ms.
Unloading 1437 Unused Serialized files (Serialized files now loaded: 0)
System memory in use before: 70.7 MB.
System memory in use after: 70.8 MB.

Unloading 20 unused Assets to reduce memory usage. Loaded Objects now: 1906.
Total: 2.909600 ms (FindLiveObjects: 0.212100 ms CreateObjectMapping: 0.067500 ms MarkObjects: 2.530900 ms  DeleteObjects: 0.097500 ms)

========================================================================
Received Import Request.
  Time since last request: 15.061496 seconds.
  path: Assets/Prefabs/Bullet.prefab
  artifactKey: Guid(53ef8409cc672ec41b195f8e6a68e8c7) Importer(815301076,1909f56bfc062723c751e8b465ee728b)
Start importing Assets/Prefabs/Bullet.prefab using Guid(53ef8409cc672ec41b195f8e6a68e8c7) Importer(815301076,1909f56bfc062723c751e8b465ee728b)  -> (artifact id: '7f6b9b933e3776b0eb9527f8dc840e45') in 0.068668 seconds
  Import took 0.091679 seconds .

========================================================================
Received Import Request.
  Time since last request: 6.758888 seconds.
  path: Assets/Prefabs/Bullet.prefab
  artifactKey: Guid(53ef8409cc672ec41b195f8e6a68e8c7) Importer(815301076,1909f56bfc062723c751e8b465ee728b)
Start importing Assets/Prefabs/Bullet.prefab using Guid(53ef8409cc672ec41b195f8e6a68e8c7) Importer(815301076,1909f56bfc062723c751e8b465ee728b)  -> (artifact id: '5b31b73ae8237dc8caa454ad0ad9eb81') in 0.010324 seconds
  Import took 0.023315 seconds .

========================================================================
Received Prepare
Registering precompiled user dll's ...
Registered in 0.002350 seconds.
Begin MonoManager ReloadAssembly
Error: Could not load signature of Unity.Android.Logcat.AndroidLogcat:.ctor due to: Could not load file or assembly 'UnityEditor.Android.Extensions, Version=1.0.0.0, Culture=neutral, PublicKeyToken=null' or one of its dependencies. assembly:UnityEditor.Android.Extensions, Version=1.0.0.0, Culture=neutral, PublicKeyToken=null type:<unknown type> member:(null) signature:<none>

Unloading broken assembly Library/ScriptAssemblies/Unity.Mobile.AndroidLogcat.Editor.dll, this assembly can cause crashes in the runtime

Native extension for LinuxStandalone target not found
Native extension for WindowsStandalone target not found
Refreshing native plugins compatible for Editor in 0.74 ms, found 0 plugins.
Preloading 0 native plugins for Editor in 0.00 ms.
Warning: Annotation not found!

Invoked RoslynAnalysisRunner static constructor.
RoslynAnalysisRunner will not be running.
RoslynAnalysisRunner has terminated.
Mono: successfully reloaded assembly
- Completed reload, in  1.318 seconds
Platform modules already initialized, skipping
Refreshing native plugins compatible for Editor in 0.43 ms, found 0 plugins.
Preloading 0 native plugins for Editor in 0.00 ms.
Unloading 1437 Unused Serialized files (Serialized files now loaded: 0)
System memory in use before: 70.9 MB.
System memory in use after: 71.0 MB.

Unloading 20 unused Assets to reduce memory usage. Loaded Objects now: 1909.
Total: 3.407100 ms (FindLiveObjects: 0.387300 ms CreateObjectMapping: 0.103500 ms MarkObjects: 2.760000 ms  DeleteObjects: 0.154700 ms)

========================================================================
Received Import Request.
  Time since last request: 41.791215 seconds.
  path: Assets/Prefabs/Bullet.prefab
  artifactKey: Guid(53ef8409cc672ec41b195f8e6a68e8c7) Importer(815301076,1909f56bfc062723c751e8b465ee728b)
Start importing Assets/Prefabs/Bullet.prefab using Guid(53ef8409cc672ec41b195f8e6a68e8c7) Importer(815301076,1909f56bfc062723c751e8b465ee728b)  -> (artifact id: '21c53107c0f5ebb1631bd1040f2698d2') in 0.076875 seconds
  Import took 0.102925 seconds .

========================================================================
Received Import Request.
  Time since last request: 0.002130 seconds.
  path: Assets/Prefabs/Bullet.prefab
  artifactKey: Guid(53ef8409cc672ec41b195f8e6a68e8c7) Importer(815301076,1909f56bfc062723c751e8b465ee728b)
Start importing Assets/Prefabs/Bullet.prefab using Guid(53ef8409cc672ec41b195f8e6a68e8c7) Importer(815301076,1909f56bfc062723c751e8b465ee728b)  -> (artifact id: '21c53107c0f5ebb1631bd1040f2698d2') in 0.009928 seconds
  Import took 0.013323 seconds .

========================================================================
Received Import Request.
  Time since last request: 4.565165 seconds.
  path: Assets/Prefabs/Bullet.prefab
  artifactKey: Guid(53ef8409cc672ec41b195f8e6a68e8c7) Importer(815301076,1909f56bfc062723c751e8b465ee728b)
Start importing Assets/Prefabs/Bullet.prefab using Guid(53ef8409cc672ec41b195f8e6a68e8c7) Importer(815301076,1909f56bfc062723c751e8b465ee728b)  -> (artifact id: 'e8ce9b811962f636004f46fad51478c8') in 0.011886 seconds
  Import took 0.026857 seconds .

========================================================================
Received Prepare
Registering precompiled user dll's ...
Registered in 0.001642 seconds.
Begin MonoManager ReloadAssembly
Error: Could not load signature of Unity.Android.Logcat.AndroidLogcat:.ctor due to: Could not load file or assembly 'UnityEditor.Android.Extensions, Version=1.0.0.0, Culture=neutral, PublicKeyToken=null' or one of its dependencies. assembly:UnityEditor.Android.Extensions, Version=1.0.0.0, Culture=neutral, PublicKeyToken=null type:<unknown type> member:(null) signature:<none>

Unloading broken assembly Library/ScriptAssemblies/Unity.Mobile.AndroidLogcat.Editor.dll, this assembly can cause crashes in the runtime

Native extension for LinuxStandalone target not found
Native extension for WindowsStandalone target not found
Refreshing native plugins compatible for Editor in 3.12 ms, found 0 plugins.
Preloading 0 native plugins for Editor in 0.00 ms.
Warning: Annotation not found!

Invoked RoslynAnalysisRunner static constructor.
RoslynAnalysisRunner will not be running.
RoslynAnalysisRunner has terminated.
Mono: successfully reloaded assembly
- Completed reload, in  1.597 seconds
Platform modules already initialized, skipping
Script is not up to date after domain reload: guid(68eedd4e5b33b37429c02c4add0036fe) path("Packages/com.unity.textmeshpro/Scripts/Editor/TMP_PackageUtilities.cs") state(2)
Script is not up to date after domain reload: guid(34f6695d37a94370a3697f6b068f5d5e) path("Packages/com.unity.textmeshpro/Scripts/Editor/TMP_EditorPanel.cs") state(2)
Script is not up to date after domain reload: guid(2da0c512f12947e489f739169773d7ca) path("Packages/com.unity.textmeshpro/Scripts/Runtime/TMP_InputField.cs") state(2)
Script is not up to date after domain reload: guid(71c1514a6bd24e1e882cebbe1904ce04) path("Packages/com.unity.textmeshpro/Scripts/Runtime/TMP_FontAsset.cs") state(2)
Script is not up to date after domain reload: guid(3069a00b8c364df395994d7d379e0a99) path("Packages/com.unity.textmeshpro/Scripts/Runtime/TMPro_UGUI_Private.cs") state(2)
Script is not up to date after domain reload: guid(7b743370ac3e4ec2a1668f5455a8ef8a) path("Packages/com.unity.textmeshpro/Scripts/Runtime/TMP_Dropdown.cs") state(2)
Script is not up to date after domain reload: guid(5143f58107604835ab1a5efa2d8818fd) path("Packages/com.unity.textmeshpro/Scripts/Runtime/TMP_Text.cs") state(2)
Script is not up to date after domain reload: guid(f4935fb862d54980b1bcbca942962642) path("Packages/com.unity.textmeshpro/Scripts/Editor/TMPro_TexturePostProcessor.cs") state(2)
Script is not up to date after domain reload: guid(88ed537c17c34f339121fe9a7d6d7a0e) path("Packages/com.unity.textmeshpro/Scripts/Editor/TMPro_SortingLayerHelper.cs") state(2)
Script is not up to date after domain reload: guid(322392995be44d23a3c86cfd972f838f) path("Packages/com.unity.textmeshpro/Scripts/Runtime/TMP_DefaultControls.cs") state(2)
Script is not up to date after domain reload: guid(fea49a0730244a98bf1087f7ca9410a8) path("Packages/com.unity.textmeshpro/Scripts/Runtime/TMP_ShaderUtilities.cs") state(2)
Refreshing native plugins compatible for Editor in 1.68 ms, found 0 plugins.
Preloading 0 native plugins for Editor in 0.00 ms.
Unloading 1536 Unused Serialized files (Serialized files now loaded: 0)
System memory in use before: 75.5 MB.
System memory in use after: 75.5 MB.

Unloading 119 unused Assets to reduce memory usage. Loaded Objects now: 1912.
Total: 3.640500 ms (FindLiveObjects: 0.233400 ms CreateObjectMapping: 0.180000 ms MarkObjects: 3.086700 ms  DeleteObjects: 0.138500 ms)

========================================================================
Received Prepare
Registering precompiled user dll's ...
Registered in 0.001700 seconds.
Begin MonoManager ReloadAssembly
Error: Could not load signature of Unity.Android.Logcat.AndroidLogcat:.ctor due to: Could not load file or assembly 'UnityEditor.Android.Extensions, Version=1.0.0.0, Culture=neutral, PublicKeyToken=null' or one of its dependencies. assembly:UnityEditor.Android.Extensions, Version=1.0.0.0, Culture=neutral, PublicKeyToken=null type:<unknown type> member:(null) signature:<none>

Unloading broken assembly Library/ScriptAssemblies/Unity.Mobile.AndroidLogcat.Editor.dll, this assembly can cause crashes in the runtime

Native extension for LinuxStandalone target not found
Native extension for WindowsStandalone target not found
Refreshing native plugins compatible for Editor in 0.54 ms, found 0 plugins.
Preloading 0 native plugins for Editor in 0.00 ms.
Warning: Annotation not found!

Invoked RoslynAnalysisRunner static constructor.
RoslynAnalysisRunner will not be running.
RoslynAnalysisRunner has terminated.
Mono: successfully reloaded assembly
- Completed reload, in  1.480 seconds
Platform modules already initialized, skipping
Refreshing native plugins compatible for Editor in 0.58 ms, found 0 plugins.
Preloading 0 native plugins for Editor in 0.00 ms.
Unloading 1547 Unused Serialized files (Serialized files now loaded: 0)
System memory in use before: 77.0 MB.
System memory in use after: 77.1 MB.

Unloading 21 unused Assets to reduce memory usage. Loaded Objects now: 2023.
Total: 3.304900 ms (FindLiveObjects: 0.425500 ms CreateObjectMapping: 0.160000 ms MarkObjects: 2.598900 ms  DeleteObjects: 0.118400 ms)

AssetImportWorkerClient::OnTransportError - code=2 error=End of file
