Using pre-set license
Built from '2020.2/release' branch; Version is '2020.2.0f1 (3721df5a8b28) revision 3613151'; Using compiler version '192528614'; Build Type 'Release'
OS: 'Windows 10  (10.0.0) 64bit' Language: 'ru' Physical Memory: 8090 MB
BatchMode: 1, IsHumanControllingUs: 0, StartBugReporterOnCrash: 0, Is64bit: 1, IsPro: 0

 COMMAND LINE ARGUMENTS:
D:\Unityar\2020.2.0f1\Editor\Unity.exe
-adb2
-batchMode
-noUpm
-name
AssetImportWorker0
-projectPath
D:/My directory/UnityGames/FireBalls3D/FireBalls3D
-logFile
Logs/AssetImportWorker0.log
-srvPort
50315
Successfully changed project path to: D:/My directory/UnityGames/FireBalls3D/FireBalls3D
D:/My directory/UnityGames/FireBalls3D/FireBalls3D
Using Asset Import Pipeline V2.
Refreshing native plugins compatible for Editor in 71.68 ms, found 0 plugins.
Preloading 0 native plugins for Editor in 0.00 ms.
Initialize engine version: 2020.2.0f1 (3721df5a8b28)
[Subsystems] Discovering subsystems at path D:/Unityar/2020.2.0f1/Editor/Data/Resources/UnitySubsystems
[Subsystems] Discovering subsystems at path D:/My directory/UnityGames/FireBalls3D/FireBalls3D/Assets
GfxDevice: creating device client; threaded=0
Direct3D:
    Version:  Direct3D 11.0 [level 11.0]
    Renderer: NVIDIA GeForce GTX 960M (ID=0x139b)
    Vendor:   
    VRAM:     2010 MB
    Driver:   27.21.14.6089
Initialize mono
Mono path[0] = 'D:/Unityar/2020.2.0f1/Editor/Data/Managed'
Mono path[1] = 'D:/Unityar/2020.2.0f1/Editor/Data/MonoBleedingEdge/lib/mono/unityjit'
Mono config path = 'D:/Unityar/2020.2.0f1/Editor/Data/MonoBleedingEdge/etc'
Using monoOptions --debugger-agent=transport=dt_socket,embedding=1,server=y,suspend=n,address=127.0.0.1:56712
Begin MonoManager ReloadAssembly
Registering precompiled unity dll's ...
Register platform support module: D:/Unityar/2020.2.0f1/Editor/Data/PlaybackEngines/WindowsStandaloneSupport/UnityEditor.WindowsStandalone.Extensions.dll
Register platform support module: D:/Unityar/2020.2.0f1/Editor/Data/PlaybackEngines/LinuxStandaloneSupport/UnityEditor.LinuxStandalone.Extensions.dll
Registered in 0.001617 seconds.
Native extension for LinuxStandalone target not found
Native extension for WindowsStandalone target not found
Refreshing native plugins compatible for Editor in 44.57 ms, found 0 plugins.
Preloading 0 native plugins for Editor in 0.00 ms.
Invoked RoslynAnalysisRunner static constructor.
RoslynAnalysisRunner will not be running.
RoslynAnalysisRunner has terminated.
Mono: successfully reloaded assembly
- Completed reload, in  2.901 seconds
Platform modules already initialized, skipping
Registering precompiled user dll's ...
Registered in 0.001835 seconds.
Begin MonoManager ReloadAssembly
Error: Could not load signature of Unity.Android.Logcat.AndroidLogcat:.ctor due to: Could not load file or assembly 'UnityEditor.Android.Extensions, Version=1.0.0.0, Culture=neutral, PublicKeyToken=null' or one of its dependencies. assembly:UnityEditor.Android.Extensions, Version=1.0.0.0, Culture=neutral, PublicKeyToken=null type:<unknown type> member:(null) signature:<none>

Unloading broken assembly Library/ScriptAssemblies/Unity.Mobile.AndroidLogcat.Editor.dll, this assembly can cause crashes in the runtime

Native extension for LinuxStandalone target not found
Native extension for WindowsStandalone target not found
Refreshing native plugins compatible for Editor in 0.41 ms, found 0 plugins.
Preloading 0 native plugins for Editor in 0.00 ms.
Invoked RoslynAnalysisRunner static constructor.
RoslynAnalysisRunner will not be running.
RoslynAnalysisRunner has terminated.
Mono: successfully reloaded assembly
- Completed reload, in  1.469 seconds
Platform modules already initialized, skipping
========================================================================
Worker process is ready to serve import requests
Launched and connected shader compiler UnityShaderCompiler.exe after 0.14 seconds
Refreshing native plugins compatible for Editor in 0.68 ms, found 0 plugins.
Preloading 0 native plugins for Editor in 0.00 ms.
Unloading 1590 Unused Serialized files (Serialized files now loaded: 0)
System memory in use before: 148.9 MB.
System memory in use after: 148.9 MB.

Unloading 82 unused Assets to reduce memory usage. Loaded Objects now: 2018.
Total: 6.083900 ms (FindLiveObjects: 0.430000 ms CreateObjectMapping: 0.199700 ms MarkObjects: 5.060800 ms  DeleteObjects: 0.392000 ms)

========================================================================
Received Import Request.
  path: Assets/Material/Block.mat
  artifactKey: Guid(95bd2d756db019140af527d596008cc3) Importer(815301076,1909f56bfc062723c751e8b465ee728b)
Start importing Assets/Material/Block.mat using Guid(95bd2d756db019140af527d596008cc3) Importer(815301076,1909f56bfc062723c751e8b465ee728b)  -> (artifact id: '254ded4b38bc20ac93b4d27730a1aa24') in 0.995969 seconds
  Import took 1.101424 seconds .

========================================================================
Received Import Request.
  Time since last request: 0.038504 seconds.
  path: Assets/Material/BlockEffect.mat
  artifactKey: Guid(ba5a72bd83879a54e817e4a5e5258cd3) Importer(815301076,1909f56bfc062723c751e8b465ee728b)
Start importing Assets/Material/BlockEffect.mat using Guid(ba5a72bd83879a54e817e4a5e5258cd3) Importer(815301076,1909f56bfc062723c751e8b465ee728b)  -> (artifact id: '4b5d3449ff234d99339be54c17839418') in 0.029257 seconds
  Import took 0.091564 seconds .

========================================================================
Received Prepare
Registering precompiled user dll's ...
Registered in 0.002464 seconds.
Begin MonoManager ReloadAssembly
Error: Could not load signature of Unity.Android.Logcat.AndroidLogcat:.ctor due to: Could not load file or assembly 'UnityEditor.Android.Extensions, Version=1.0.0.0, Culture=neutral, PublicKeyToken=null' or one of its dependencies. assembly:UnityEditor.Android.Extensions, Version=1.0.0.0, Culture=neutral, PublicKeyToken=null type:<unknown type> member:(null) signature:<none>

Unloading broken assembly Library/ScriptAssemblies/Unity.Mobile.AndroidLogcat.Editor.dll, this assembly can cause crashes in the runtime

Native extension for LinuxStandalone target not found
Native extension for WindowsStandalone target not found
Refreshing native plugins compatible for Editor in 0.56 ms, found 0 plugins.
Preloading 0 native plugins for Editor in 0.00 ms.
Warning: Annotation not found!

Invoked RoslynAnalysisRunner static constructor.
RoslynAnalysisRunner will not be running.
RoslynAnalysisRunner has terminated.
Mono: successfully reloaded assembly
- Completed reload, in  1.212 seconds
Platform modules already initialized, skipping
Refreshing native plugins compatible for Editor in 0.63 ms, found 0 plugins.
Preloading 0 native plugins for Editor in 0.00 ms.
Unloading 1545 Unused Serialized files (Serialized files now loaded: 0)
System memory in use before: 148.1 MB.
System memory in use after: 148.2 MB.

Unloading 20 unused Assets to reduce memory usage. Loaded Objects now: 2060.
Total: 4.355800 ms (FindLiveObjects: 0.242000 ms CreateObjectMapping: 0.068200 ms MarkObjects: 3.936700 ms  DeleteObjects: 0.106900 ms)

========================================================================
Received Prepare
Registering precompiled user dll's ...
Registered in 0.002689 seconds.
Begin MonoManager ReloadAssembly
Error: Could not load signature of Unity.Android.Logcat.AndroidLogcat:.ctor due to: Could not load file or assembly 'UnityEditor.Android.Extensions, Version=1.0.0.0, Culture=neutral, PublicKeyToken=null' or one of its dependencies. assembly:UnityEditor.Android.Extensions, Version=1.0.0.0, Culture=neutral, PublicKeyToken=null type:<unknown type> member:(null) signature:<none>

Unloading broken assembly Library/ScriptAssemblies/Unity.Mobile.AndroidLogcat.Editor.dll, this assembly can cause crashes in the runtime

Native extension for LinuxStandalone target not found
Native extension for WindowsStandalone target not found
Refreshing native plugins compatible for Editor in 0.57 ms, found 0 plugins.
Preloading 0 native plugins for Editor in 0.00 ms.
Warning: Annotation not found!

Invoked RoslynAnalysisRunner static constructor.
RoslynAnalysisRunner will not be running.
RoslynAnalysisRunner has terminated.
Mono: successfully reloaded assembly
- Completed reload, in  1.201 seconds
Platform modules already initialized, skipping
Refreshing native plugins compatible for Editor in 4.95 ms, found 0 plugins.
Preloading 0 native plugins for Editor in 0.00 ms.
Unloading 1546 Unused Serialized files (Serialized files now loaded: 0)
System memory in use before: 148.3 MB.
System memory in use after: 148.4 MB.

Unloading 20 unused Assets to reduce memory usage. Loaded Objects now: 2062.
Total: 3.953700 ms (FindLiveObjects: 0.358400 ms CreateObjectMapping: 0.160000 ms MarkObjects: 3.235900 ms  DeleteObjects: 0.196700 ms)

========================================================================
Received Prepare
Registering precompiled user dll's ...
Registered in 0.001857 seconds.
Begin MonoManager ReloadAssembly
Error: Could not load signature of Unity.Android.Logcat.AndroidLogcat:.ctor due to: Could not load file or assembly 'UnityEditor.Android.Extensions, Version=1.0.0.0, Culture=neutral, PublicKeyToken=null' or one of its dependencies. assembly:UnityEditor.Android.Extensions, Version=1.0.0.0, Culture=neutral, PublicKeyToken=null type:<unknown type> member:(null) signature:<none>

Unloading broken assembly Library/ScriptAssemblies/Unity.Mobile.AndroidLogcat.Editor.dll, this assembly can cause crashes in the runtime

Native extension for LinuxStandalone target not found
Native extension for WindowsStandalone target not found
Refreshing native plugins compatible for Editor in 0.42 ms, found 0 plugins.
Preloading 0 native plugins for Editor in 0.00 ms.
Warning: Annotation not found!

Invoked RoslynAnalysisRunner static constructor.
RoslynAnalysisRunner will not be running.
RoslynAnalysisRunner has terminated.
Mono: successfully reloaded assembly
- Completed reload, in  1.144 seconds
Platform modules already initialized, skipping
Refreshing native plugins compatible for Editor in 0.57 ms, found 0 plugins.
Preloading 0 native plugins for Editor in 0.00 ms.
Unloading 1546 Unused Serialized files (Serialized files now loaded: 0)
System memory in use before: 148.5 MB.
System memory in use after: 148.5 MB.

Unloading 20 unused Assets to reduce memory usage. Loaded Objects now: 2064.
Total: 3.918000 ms (FindLiveObjects: 0.324700 ms CreateObjectMapping: 0.171700 ms MarkObjects: 3.221900 ms  DeleteObjects: 0.197800 ms)

========================================================================
Received Import Request.
  Time since last request: 1176.360624 seconds.
  path: Assets/Material/Block_1.mat
  artifactKey: Guid(c25049cb0b8bd984d9d82c3f726081f9) Importer(815301076,1909f56bfc062723c751e8b465ee728b)
Start importing Assets/Material/Block_1.mat using Guid(c25049cb0b8bd984d9d82c3f726081f9) Importer(815301076,1909f56bfc062723c751e8b465ee728b)  -> (artifact id: 'd3a94d42fd623c9bf474e348c6b80288') in 0.087149 seconds
  Import took 0.118071 seconds .

========================================================================
Received Prepare
Registering precompiled user dll's ...
Registered in 0.002047 seconds.
Begin MonoManager ReloadAssembly
Error: Could not load signature of Unity.Android.Logcat.AndroidLogcat:.ctor due to: Could not load file or assembly 'UnityEditor.Android.Extensions, Version=1.0.0.0, Culture=neutral, PublicKeyToken=null' or one of its dependencies. assembly:UnityEditor.Android.Extensions, Version=1.0.0.0, Culture=neutral, PublicKeyToken=null type:<unknown type> member:(null) signature:<none>

Unloading broken assembly Library/ScriptAssemblies/Unity.Mobile.AndroidLogcat.Editor.dll, this assembly can cause crashes in the runtime

Native extension for LinuxStandalone target not found
Native extension for WindowsStandalone target not found
Refreshing native plugins compatible for Editor in 0.48 ms, found 0 plugins.
Preloading 0 native plugins for Editor in 0.00 ms.
Warning: Annotation not found!

Invoked RoslynAnalysisRunner static constructor.
RoslynAnalysisRunner will not be running.
RoslynAnalysisRunner has terminated.
Mono: successfully reloaded assembly
- Completed reload, in  1.357 seconds
Platform modules already initialized, skipping
Refreshing native plugins compatible for Editor in 0.41 ms, found 0 plugins.
Preloading 0 native plugins for Editor in 0.00 ms.
Unloading 1546 Unused Serialized files (Serialized files now loaded: 0)
System memory in use before: 148.6 MB.
System memory in use after: 148.7 MB.

Unloading 20 unused Assets to reduce memory usage. Loaded Objects now: 2067.
Total: 2.882300 ms (FindLiveObjects: 0.480000 ms CreateObjectMapping: 0.130200 ms MarkObjects: 2.162400 ms  DeleteObjects: 0.107700 ms)

========================================================================
Received Prepare
Registering precompiled user dll's ...
Registered in 0.001865 seconds.
Begin MonoManager ReloadAssembly
Error: Could not load signature of Unity.Android.Logcat.AndroidLogcat:.ctor due to: Could not load file or assembly 'UnityEditor.Android.Extensions, Version=1.0.0.0, Culture=neutral, PublicKeyToken=null' or one of its dependencies. assembly:UnityEditor.Android.Extensions, Version=1.0.0.0, Culture=neutral, PublicKeyToken=null type:<unknown type> member:(null) signature:<none>

Unloading broken assembly Library/ScriptAssemblies/Unity.Mobile.AndroidLogcat.Editor.dll, this assembly can cause crashes in the runtime

Native extension for LinuxStandalone target not found
Native extension for WindowsStandalone target not found
Refreshing native plugins compatible for Editor in 0.57 ms, found 0 plugins.
Preloading 0 native plugins for Editor in 0.00 ms.
Warning: Annotation not found!

Invoked RoslynAnalysisRunner static constructor.
RoslynAnalysisRunner will not be running.
RoslynAnalysisRunner has terminated.
Mono: successfully reloaded assembly
- Completed reload, in  1.215 seconds
Platform modules already initialized, skipping
Refreshing native plugins compatible for Editor in 0.41 ms, found 0 plugins.
Preloading 0 native plugins for Editor in 0.00 ms.
Unloading 1546 Unused Serialized files (Serialized files now loaded: 0)
System memory in use before: 148.7 MB.
System memory in use after: 148.8 MB.

Unloading 20 unused Assets to reduce memory usage. Loaded Objects now: 2069.
Total: 2.956900 ms (FindLiveObjects: 0.246700 ms CreateObjectMapping: 0.054500 ms MarkObjects: 2.503700 ms  DeleteObjects: 0.151000 ms)

========================================================================
Received Prepare
Registering precompiled user dll's ...
Registered in 0.002780 seconds.
Begin MonoManager ReloadAssembly
Error: Could not load signature of Unity.Android.Logcat.AndroidLogcat:.ctor due to: Could not load file or assembly 'UnityEditor.Android.Extensions, Version=1.0.0.0, Culture=neutral, PublicKeyToken=null' or one of its dependencies. assembly:UnityEditor.Android.Extensions, Version=1.0.0.0, Culture=neutral, PublicKeyToken=null type:<unknown type> member:(null) signature:<none>

Unloading broken assembly Library/ScriptAssemblies/Unity.Mobile.AndroidLogcat.Editor.dll, this assembly can cause crashes in the runtime

Native extension for LinuxStandalone target not found
Native extension for WindowsStandalone target not found
Refreshing native plugins compatible for Editor in 1.34 ms, found 0 plugins.
Preloading 0 native plugins for Editor in 0.00 ms.
Warning: Annotation not found!

Invoked RoslynAnalysisRunner static constructor.
RoslynAnalysisRunner will not be running.
RoslynAnalysisRunner has terminated.
Mono: successfully reloaded assembly
- Completed reload, in  1.616 seconds
Platform modules already initialized, skipping
Refreshing native plugins compatible for Editor in 0.93 ms, found 0 plugins.
Preloading 0 native plugins for Editor in 0.00 ms.
Unloading 1546 Unused Serialized files (Serialized files now loaded: 0)
System memory in use before: 148.9 MB.
System memory in use after: 149.0 MB.

Unloading 20 unused Assets to reduce memory usage. Loaded Objects now: 2071.
Total: 3.079600 ms (FindLiveObjects: 0.239800 ms CreateObjectMapping: 0.065800 ms MarkObjects: 2.660300 ms  DeleteObjects: 0.110200 ms)

========================================================================
Received Prepare
Registering precompiled user dll's ...
Registered in 0.003582 seconds.
Begin MonoManager ReloadAssembly
Error: Could not load signature of Unity.Android.Logcat.AndroidLogcat:.ctor due to: Could not load file or assembly 'UnityEditor.Android.Extensions, Version=1.0.0.0, Culture=neutral, PublicKeyToken=null' or one of its dependencies. assembly:UnityEditor.Android.Extensions, Version=1.0.0.0, Culture=neutral, PublicKeyToken=null type:<unknown type> member:(null) signature:<none>

Unloading broken assembly Library/ScriptAssemblies/Unity.Mobile.AndroidLogcat.Editor.dll, this assembly can cause crashes in the runtime

Native extension for LinuxStandalone target not found
Native extension for WindowsStandalone target not found
Refreshing native plugins compatible for Editor in 0.60 ms, found 0 plugins.
Preloading 0 native plugins for Editor in 0.00 ms.
Warning: Annotation not found!

Invoked RoslynAnalysisRunner static constructor.
RoslynAnalysisRunner will not be running.
RoslynAnalysisRunner has terminated.
Mono: successfully reloaded assembly
- Completed reload, in  1.390 seconds
Platform modules already initialized, skipping
Refreshing native plugins compatible for Editor in 0.63 ms, found 0 plugins.
Preloading 0 native plugins for Editor in 0.00 ms.
Unloading 1546 Unused Serialized files (Serialized files now loaded: 0)
System memory in use before: 149.0 MB.
System memory in use after: 149.1 MB.

Unloading 20 unused Assets to reduce memory usage. Loaded Objects now: 2073.
Total: 2.299900 ms (FindLiveObjects: 0.225700 ms CreateObjectMapping: 0.079900 ms MarkObjects: 1.900900 ms  DeleteObjects: 0.092200 ms)

========================================================================
Received Prepare
Registering precompiled user dll's ...
Registered in 0.002671 seconds.
Begin MonoManager ReloadAssembly
Error: Could not load signature of Unity.Android.Logcat.AndroidLogcat:.ctor due to: Could not load file or assembly 'UnityEditor.Android.Extensions, Version=1.0.0.0, Culture=neutral, PublicKeyToken=null' or one of its dependencies. assembly:UnityEditor.Android.Extensions, Version=1.0.0.0, Culture=neutral, PublicKeyToken=null type:<unknown type> member:(null) signature:<none>

Unloading broken assembly Library/ScriptAssemblies/Unity.Mobile.AndroidLogcat.Editor.dll, this assembly can cause crashes in the runtime

Native extension for LinuxStandalone target not found
Native extension for WindowsStandalone target not found
Refreshing native plugins compatible for Editor in 0.67 ms, found 0 plugins.
Preloading 0 native plugins for Editor in 0.00 ms.
Warning: Annotation not found!

Invoked RoslynAnalysisRunner static constructor.
RoslynAnalysisRunner will not be running.
RoslynAnalysisRunner has terminated.
Mono: successfully reloaded assembly
- Completed reload, in  1.243 seconds
Platform modules already initialized, skipping
Refreshing native plugins compatible for Editor in 0.42 ms, found 0 plugins.
Preloading 0 native plugins for Editor in 0.00 ms.
Unloading 1546 Unused Serialized files (Serialized files now loaded: 0)
System memory in use before: 149.2 MB.
System memory in use after: 149.3 MB.

Unloading 20 unused Assets to reduce memory usage. Loaded Objects now: 2075.
Total: 2.692400 ms (FindLiveObjects: 0.214100 ms CreateObjectMapping: 0.067900 ms MarkObjects: 2.309900 ms  DeleteObjects: 0.099200 ms)

========================================================================
Received Prepare
Registering precompiled user dll's ...
Registered in 0.002900 seconds.
Begin MonoManager ReloadAssembly
Error: Could not load signature of Unity.Android.Logcat.AndroidLogcat:.ctor due to: Could not load file or assembly 'UnityEditor.Android.Extensions, Version=1.0.0.0, Culture=neutral, PublicKeyToken=null' or one of its dependencies. assembly:UnityEditor.Android.Extensions, Version=1.0.0.0, Culture=neutral, PublicKeyToken=null type:<unknown type> member:(null) signature:<none>

Unloading broken assembly Library/ScriptAssemblies/Unity.Mobile.AndroidLogcat.Editor.dll, this assembly can cause crashes in the runtime

Native extension for LinuxStandalone target not found
Native extension for WindowsStandalone target not found
Refreshing native plugins compatible for Editor in 0.74 ms, found 0 plugins.
Preloading 0 native plugins for Editor in 0.00 ms.
Warning: Annotation not found!

Invoked RoslynAnalysisRunner static constructor.
RoslynAnalysisRunner will not be running.
RoslynAnalysisRunner has terminated.
Mono: successfully reloaded assembly
- Completed reload, in  1.251 seconds
Platform modules already initialized, skipping
Refreshing native plugins compatible for Editor in 0.51 ms, found 0 plugins.
Preloading 0 native plugins for Editor in 0.00 ms.
Unloading 1546 Unused Serialized files (Serialized files now loaded: 0)
System memory in use before: 149.3 MB.
System memory in use after: 149.4 MB.

Unloading 20 unused Assets to reduce memory usage. Loaded Objects now: 2077.
Total: 2.863200 ms (FindLiveObjects: 0.345700 ms CreateObjectMapping: 0.125200 ms MarkObjects: 2.264800 ms  DeleteObjects: 0.124100 ms)

========================================================================
Received Prepare
Registering precompiled user dll's ...
Registered in 0.150149 seconds.
Begin MonoManager ReloadAssembly
Error: Could not load signature of Unity.Android.Logcat.AndroidLogcat:.ctor due to: Could not load file or assembly 'UnityEditor.Android.Extensions, Version=1.0.0.0, Culture=neutral, PublicKeyToken=null' or one of its dependencies. assembly:UnityEditor.Android.Extensions, Version=1.0.0.0, Culture=neutral, PublicKeyToken=null type:<unknown type> member:(null) signature:<none>

Unloading broken assembly Library/ScriptAssemblies/Unity.Mobile.AndroidLogcat.Editor.dll, this assembly can cause crashes in the runtime

Native extension for LinuxStandalone target not found
Native extension for WindowsStandalone target not found
Refreshing native plugins compatible for Editor in 1.34 ms, found 0 plugins.
Preloading 0 native plugins for Editor in 0.00 ms.
Warning: Annotation not found!

Invoked RoslynAnalysisRunner static constructor.
RoslynAnalysisRunner will not be running.
RoslynAnalysisRunner has terminated.
Mono: successfully reloaded assembly
- Completed reload, in  2.957 seconds
Platform modules already initialized, skipping
Refreshing native plugins compatible for Editor in 0.51 ms, found 0 plugins.
Preloading 0 native plugins for Editor in 0.00 ms.
Unloading 1546 Unused Serialized files (Serialized files now loaded: 0)
System memory in use before: 149.5 MB.
System memory in use after: 149.5 MB.

Unloading 20 unused Assets to reduce memory usage. Loaded Objects now: 2079.
Total: 4.811300 ms (FindLiveObjects: 0.400600 ms CreateObjectMapping: 0.222200 ms MarkObjects: 4.073000 ms  DeleteObjects: 0.113100 ms)

========================================================================
Received Prepare
Registering precompiled user dll's ...
Registered in 0.233472 seconds.
Begin MonoManager ReloadAssembly
Error: Could not load signature of Unity.Android.Logcat.AndroidLogcat:.ctor due to: Could not load file or assembly 'UnityEditor.Android.Extensions, Version=1.0.0.0, Culture=neutral, PublicKeyToken=null' or one of its dependencies. assembly:UnityEditor.Android.Extensions, Version=1.0.0.0, Culture=neutral, PublicKeyToken=null type:<unknown type> member:(null) signature:<none>

Unloading broken assembly Library/ScriptAssemblies/Unity.Mobile.AndroidLogcat.Editor.dll, this assembly can cause crashes in the runtime

Native extension for LinuxStandalone target not found
Native extension for WindowsStandalone target not found
Refreshing native plugins compatible for Editor in 0.55 ms, found 0 plugins.
Preloading 0 native plugins for Editor in 0.00 ms.
Warning: Annotation not found!

Invoked RoslynAnalysisRunner static constructor.
RoslynAnalysisRunner will not be running.
RoslynAnalysisRunner has terminated.
Mono: successfully reloaded assembly
- Completed reload, in  2.620 seconds
Platform modules already initialized, skipping
Refreshing native plugins compatible for Editor in 0.77 ms, found 0 plugins.
Preloading 0 native plugins for Editor in 0.00 ms.
Unloading 1546 Unused Serialized files (Serialized files now loaded: 0)
System memory in use before: 149.6 MB.
System memory in use after: 149.7 MB.

Unloading 20 unused Assets to reduce memory usage. Loaded Objects now: 2081.
Total: 2.909200 ms (FindLiveObjects: 0.388400 ms CreateObjectMapping: 0.085200 ms MarkObjects: 2.338200 ms  DeleteObjects: 0.095900 ms)

========================================================================
Received Prepare
Registering precompiled user dll's ...
Registered in 0.002131 seconds.
Begin MonoManager ReloadAssembly
Error: Could not load signature of Unity.Android.Logcat.AndroidLogcat:.ctor due to: Could not load file or assembly 'UnityEditor.Android.Extensions, Version=1.0.0.0, Culture=neutral, PublicKeyToken=null' or one of its dependencies. assembly:UnityEditor.Android.Extensions, Version=1.0.0.0, Culture=neutral, PublicKeyToken=null type:<unknown type> member:(null) signature:<none>

Unloading broken assembly Library/ScriptAssemblies/Unity.Mobile.AndroidLogcat.Editor.dll, this assembly can cause crashes in the runtime

Native extension for LinuxStandalone target not found
Native extension for WindowsStandalone target not found
Refreshing native plugins compatible for Editor in 1.61 ms, found 0 plugins.
Preloading 0 native plugins for Editor in 0.00 ms.
Warning: Annotation not found!

Invoked RoslynAnalysisRunner static constructor.
RoslynAnalysisRunner will not be running.
RoslynAnalysisRunner has terminated.
Mono: successfully reloaded assembly
- Completed reload, in  5.784 seconds
Platform modules already initialized, skipping
Refreshing native plugins compatible for Editor in 0.48 ms, found 0 plugins.
Preloading 0 native plugins for Editor in 0.00 ms.
Unloading 1546 Unused Serialized files (Serialized files now loaded: 0)
System memory in use before: 149.7 MB.
System memory in use after: 149.8 MB.

Unloading 20 unused Assets to reduce memory usage. Loaded Objects now: 2083.
Total: 2.516000 ms (FindLiveObjects: 0.205200 ms CreateObjectMapping: 0.065000 ms MarkObjects: 2.126000 ms  DeleteObjects: 0.118700 ms)

========================================================================
Received Prepare
Registering precompiled user dll's ...
Registered in 0.002043 seconds.
Begin MonoManager ReloadAssembly
Error: Could not load signature of Unity.Android.Logcat.AndroidLogcat:.ctor due to: Could not load file or assembly 'UnityEditor.Android.Extensions, Version=1.0.0.0, Culture=neutral, PublicKeyToken=null' or one of its dependencies. assembly:UnityEditor.Android.Extensions, Version=1.0.0.0, Culture=neutral, PublicKeyToken=null type:<unknown type> member:(null) signature:<none>

Unloading broken assembly Library/ScriptAssemblies/Unity.Mobile.AndroidLogcat.Editor.dll, this assembly can cause crashes in the runtime

Native extension for LinuxStandalone target not found
Native extension for WindowsStandalone target not found
Refreshing native plugins compatible for Editor in 0.46 ms, found 0 plugins.
Preloading 0 native plugins for Editor in 0.00 ms.
Warning: Annotation not found!

Invoked RoslynAnalysisRunner static constructor.
RoslynAnalysisRunner will not be running.
RoslynAnalysisRunner has terminated.
Mono: successfully reloaded assembly
- Completed reload, in  2.406 seconds
Platform modules already initialized, skipping
Refreshing native plugins compatible for Editor in 0.88 ms, found 0 plugins.
Preloading 0 native plugins for Editor in 0.00 ms.
Unloading 1546 Unused Serialized files (Serialized files now loaded: 0)
System memory in use before: 149.8 MB.
System memory in use after: 149.9 MB.

Unloading 20 unused Assets to reduce memory usage. Loaded Objects now: 2085.
Total: 2.583500 ms (FindLiveObjects: 0.181500 ms CreateObjectMapping: 0.050500 ms MarkObjects: 2.166200 ms  DeleteObjects: 0.164900 ms)

========================================================================
Received Import Request.
  Time since last request: 2474.241155 seconds.
  path: Assets/Plugins/Demigiant
  artifactKey: Guid(6e0af47ed039825439a890912daa710d) Importer(815301076,1909f56bfc062723c751e8b465ee728b)
Start importing Assets/Plugins/Demigiant using Guid(6e0af47ed039825439a890912daa710d) Importer(815301076,1909f56bfc062723c751e8b465ee728b)  -> (artifact id: '3b9edfbeaebfb739ad312ebfc4999e6f') in 0.080323 seconds
  Import took 0.238586 seconds .

========================================================================
Received Prepare
Registering precompiled user dll's ...
Registered in 0.003968 seconds.
Begin MonoManager ReloadAssembly
Error: Could not load signature of Unity.Android.Logcat.AndroidLogcat:.ctor due to: Could not load file or assembly 'UnityEditor.Android.Extensions, Version=1.0.0.0, Culture=neutral, PublicKeyToken=null' or one of its dependencies. assembly:UnityEditor.Android.Extensions, Version=1.0.0.0, Culture=neutral, PublicKeyToken=null type:<unknown type> member:(null) signature:<none>

Unloading broken assembly Library/ScriptAssemblies/Unity.Mobile.AndroidLogcat.Editor.dll, this assembly can cause crashes in the runtime

Native extension for LinuxStandalone target not found
Native extension for WindowsStandalone target not found
Refreshing native plugins compatible for Editor in 0.94 ms, found 0 plugins.
Preloading 0 native plugins for Editor in 0.00 ms.
Warning: Annotation not found!

Invoked RoslynAnalysisRunner static constructor.
RoslynAnalysisRunner will not be running.
RoslynAnalysisRunner has terminated.
Mono: successfully reloaded assembly
- Completed reload, in  1.617 seconds
Platform modules already initialized, skipping
Refreshing native plugins compatible for Editor in 0.41 ms, found 0 plugins.
Preloading 0 native plugins for Editor in 0.00 ms.
Unloading 1550 Unused Serialized files (Serialized files now loaded: 0)
System memory in use before: 149.5 MB.
System memory in use after: 149.5 MB.

Unloading 21 unused Assets to reduce memory usage. Loaded Objects now: 2091.
Total: 3.404400 ms (FindLiveObjects: 0.296400 ms CreateObjectMapping: 0.080900 ms MarkObjects: 2.814000 ms  DeleteObjects: 0.211800 ms)

========================================================================
Received Import Request.
  Time since last request: 499.148636 seconds.
  path: Assets/LowPolyWater_Pack/LowPoly Island
  artifactKey: Guid(9320976cad9e2104e931f008e44e5103) Importer(815301076,1909f56bfc062723c751e8b465ee728b)
Start importing Assets/LowPolyWater_Pack/LowPoly Island using Guid(9320976cad9e2104e931f008e44e5103) Importer(815301076,1909f56bfc062723c751e8b465ee728b)  -> (artifact id: '9140cacadcdcd9ec59bda0a5842259eb') in 0.025175 seconds
  Import took 0.049737 seconds .

========================================================================
Received Import Request.
  Time since last request: 0.005087 seconds.
  path: Assets/LowPolyWater_Pack/LowPoly Island/island1_design2_c4d.obj
  artifactKey: Guid(6e654008c0c551d41b2f83f329e79d6f) Importer(815301076,1909f56bfc062723c751e8b465ee728b)
Start importing Assets/LowPolyWater_Pack/LowPoly Island/island1_design2_c4d.obj using Guid(6e654008c0c551d41b2f83f329e79d6f) Importer(815301076,1909f56bfc062723c751e8b465ee728b)  -> (artifact id: '0cb0ff7ee7b1660a397c31edd43822d1') in 0.978898 seconds
  Import took 1.001407 seconds .

========================================================================
Received Import Request.
  Time since last request: 65.578296 seconds.
  path: Assets/LowPolyWater_Pack/_Demo
  artifactKey: Guid(b5f8a0e7878d0e3478bda48d5ffc421c) Importer(815301076,1909f56bfc062723c751e8b465ee728b)
Start importing Assets/LowPolyWater_Pack/_Demo using Guid(b5f8a0e7878d0e3478bda48d5ffc421c) Importer(815301076,1909f56bfc062723c751e8b465ee728b)  -> (artifact id: 'c7c89341f306ca5d0ff0edc1897c66b9') in 0.029043 seconds
  Import took 0.048240 seconds .

========================================================================
Received Import Request.
  Time since last request: 4.579093 seconds.
  path: Assets/LowPolyWater_Pack/_Demo/DemoScene.unity
  artifactKey: Guid(5af012a8b7991a84fb99a854db8dfc21) Importer(815301076,1909f56bfc062723c751e8b465ee728b)
Start importing Assets/LowPolyWater_Pack/_Demo/DemoScene.unity using Guid(5af012a8b7991a84fb99a854db8dfc21) Importer(815301076,1909f56bfc062723c751e8b465ee728b)  -> (artifact id: 'b3b059e2ecb974977c6eff7686ba89be') in 0.065573 seconds
  Import took 0.088340 seconds .

========================================================================
Received Prepare
Registering precompiled user dll's ...
Registered in 0.001681 seconds.
Begin MonoManager ReloadAssembly
Error: Could not load signature of Unity.Android.Logcat.AndroidLogcat:.ctor due to: Could not load file or assembly 'UnityEditor.Android.Extensions, Version=1.0.0.0, Culture=neutral, PublicKeyToken=null' or one of its dependencies. assembly:UnityEditor.Android.Extensions, Version=1.0.0.0, Culture=neutral, PublicKeyToken=null type:<unknown type> member:(null) signature:<none>

Unloading broken assembly Library/ScriptAssemblies/Unity.Mobile.AndroidLogcat.Editor.dll, this assembly can cause crashes in the runtime

Native extension for LinuxStandalone target not found
Native extension for WindowsStandalone target not found
Refreshing native plugins compatible for Editor in 0.44 ms, found 0 plugins.
Preloading 0 native plugins for Editor in 0.00 ms.
Warning: Annotation not found!

Invoked RoslynAnalysisRunner static constructor.
RoslynAnalysisRunner will not be running.
RoslynAnalysisRunner has terminated.
Mono: successfully reloaded assembly
- Completed reload, in  1.378 seconds
Platform modules already initialized, skipping
Refreshing native plugins compatible for Editor in 0.50 ms, found 0 plugins.
Preloading 0 native plugins for Editor in 0.00 ms.
Unloading 1549 Unused Serialized files (Serialized files now loaded: 0)
System memory in use before: 149.8 MB.
System memory in use after: 149.8 MB.

Unloading 21 unused Assets to reduce memory usage. Loaded Objects now: 2097.
Total: 3.047200 ms (FindLiveObjects: 0.400300 ms CreateObjectMapping: 0.115500 ms MarkObjects: 2.359900 ms  DeleteObjects: 0.169700 ms)

========================================================================
Received Import Request.
  Time since last request: 85.992538 seconds.
  path: Assets/Prefabs/Ocean.prefab
  artifactKey: Guid(03939366d978b7146945686f5e991748) Importer(815301076,1909f56bfc062723c751e8b465ee728b)
Start importing Assets/Prefabs/Ocean.prefab using Guid(03939366d978b7146945686f5e991748) Importer(815301076,1909f56bfc062723c751e8b465ee728b)  -> (artifact id: '20da97ecf382421974bfe800f9e851ab') in 0.511316 seconds
  Import took 0.537784 seconds .

========================================================================
Received Import Request.
  Time since last request: 9.449681 seconds.
  path: Assets/Scenes
  artifactKey: Guid(f7b66c42ee145314083f073e99178630) Importer(815301076,1909f56bfc062723c751e8b465ee728b)
Start importing Assets/Scenes using Guid(f7b66c42ee145314083f073e99178630) Importer(815301076,1909f56bfc062723c751e8b465ee728b)  -> (artifact id: '3e2c4555246816e1e222c7a47df2c123') in 0.002992 seconds
  Import took 0.130321 seconds .

========================================================================
Received Import Request.
  Time since last request: 0.836734 seconds.
  path: Assets/Scenes/SampleScene.unity
  artifactKey: Guid(9fc0d4010bbf28b4594072e72b8655ab) Importer(815301076,1909f56bfc062723c751e8b465ee728b)
Start importing Assets/Scenes/SampleScene.unity using Guid(9fc0d4010bbf28b4594072e72b8655ab) Importer(815301076,1909f56bfc062723c751e8b465ee728b)  -> (artifact id: '57734a47e816d128935a649cc1dd1d72') in 0.003089 seconds
  Import took 0.008012 seconds .

========================================================================
Received Prepare
Registering precompiled user dll's ...
Registered in 0.002904 seconds.
Begin MonoManager ReloadAssembly
Error: Could not load signature of Unity.Android.Logcat.AndroidLogcat:.ctor due to: Could not load file or assembly 'UnityEditor.Android.Extensions, Version=1.0.0.0, Culture=neutral, PublicKeyToken=null' or one of its dependencies. assembly:UnityEditor.Android.Extensions, Version=1.0.0.0, Culture=neutral, PublicKeyToken=null type:<unknown type> member:(null) signature:<none>

Unloading broken assembly Library/ScriptAssemblies/Unity.Mobile.AndroidLogcat.Editor.dll, this assembly can cause crashes in the runtime

Native extension for LinuxStandalone target not found
Native extension for WindowsStandalone target not found
Refreshing native plugins compatible for Editor in 0.64 ms, found 0 plugins.
Preloading 0 native plugins for Editor in 0.00 ms.
Warning: Annotation not found!

Invoked RoslynAnalysisRunner static constructor.
RoslynAnalysisRunner will not be running.
RoslynAnalysisRunner has terminated.
Mono: successfully reloaded assembly
- Completed reload, in  1.294 seconds
Platform modules already initialized, skipping
Refreshing native plugins compatible for Editor in 0.58 ms, found 0 plugins.
Preloading 0 native plugins for Editor in 0.00 ms.
Unloading 1549 Unused Serialized files (Serialized files now loaded: 0)
System memory in use before: 150.0 MB.
System memory in use after: 150.0 MB.

Unloading 20 unused Assets to reduce memory usage. Loaded Objects now: 2102.
Total: 3.009300 ms (FindLiveObjects: 0.338100 ms CreateObjectMapping: 0.136000 ms MarkObjects: 2.423400 ms  DeleteObjects: 0.110000 ms)

========================================================================
Received Import Request.
  Time since last request: 573.773330 seconds.
  path: Assets/LowPolyWater_Pack/Materials/LowPolyWaterMaterial.mat
  artifactKey: Guid(8538bd626cb3e80478f62e319f75e337) Importer(815301076,1909f56bfc062723c751e8b465ee728b)
Start importing Assets/LowPolyWater_Pack/Materials/LowPolyWaterMaterial.mat using Guid(8538bd626cb3e80478f62e319f75e337) Importer(815301076,1909f56bfc062723c751e8b465ee728b)  -> (artifact id: '007cd7d4279452af71dce1a07b327cc1') in 0.198176 seconds
  Import took 0.222318 seconds .

========================================================================
Received Prepare
Registering precompiled user dll's ...
Registered in 0.002099 seconds.
Begin MonoManager ReloadAssembly
Error: Could not load signature of Unity.Android.Logcat.AndroidLogcat:.ctor due to: Could not load file or assembly 'UnityEditor.Android.Extensions, Version=1.0.0.0, Culture=neutral, PublicKeyToken=null' or one of its dependencies. assembly:UnityEditor.Android.Extensions, Version=1.0.0.0, Culture=neutral, PublicKeyToken=null type:<unknown type> member:(null) signature:<none>

Unloading broken assembly Library/ScriptAssemblies/Unity.Mobile.AndroidLogcat.Editor.dll, this assembly can cause crashes in the runtime

Native extension for LinuxStandalone target not found
Native extension for WindowsStandalone target not found
Refreshing native plugins compatible for Editor in 0.50 ms, found 0 plugins.
Preloading 0 native plugins for Editor in 0.00 ms.
Warning: Annotation not found!

Invoked RoslynAnalysisRunner static constructor.
RoslynAnalysisRunner will not be running.
RoslynAnalysisRunner has terminated.
Mono: successfully reloaded assembly
- Completed reload, in  1.406 seconds
Platform modules already initialized, skipping
Refreshing native plugins compatible for Editor in 0.59 ms, found 0 plugins.
Preloading 0 native plugins for Editor in 0.00 ms.
Unloading 1548 Unused Serialized files (Serialized files now loaded: 0)
System memory in use before: 150.0 MB.
System memory in use after: 150.1 MB.

Unloading 20 unused Assets to reduce memory usage. Loaded Objects now: 2105.
Total: 3.591200 ms (FindLiveObjects: 0.298200 ms CreateObjectMapping: 0.067700 ms MarkObjects: 3.107500 ms  DeleteObjects: 0.116500 ms)

========================================================================
Received Import Request.
  Time since last request: 554.500921 seconds.
  path: Assets/Prefabs/BallBullet.prefab
  artifactKey: Guid(53ef8409cc672ec41b195f8e6a68e8c7) Importer(815301076,1909f56bfc062723c751e8b465ee728b)
Start importing Assets/Prefabs/BallBullet.prefab using Guid(53ef8409cc672ec41b195f8e6a68e8c7) Importer(815301076,1909f56bfc062723c751e8b465ee728b)  -> (artifact id: 'efc68c5d0798b385d6a05c6c03b5e41e') in 0.166961 seconds
  Import took 0.188788 seconds .

========================================================================
Received Import Request.
  Time since last request: 106.651588 seconds.
  path: Assets/Models/Cone.obj
  artifactKey: Guid(7c5ab545fbc21294aa9bd5ebb41e0166) Importer(815301076,1909f56bfc062723c751e8b465ee728b)
Start importing Assets/Models/Cone.obj using Guid(7c5ab545fbc21294aa9bd5ebb41e0166) Importer(815301076,1909f56bfc062723c751e8b465ee728b)  -> (artifact id: '78ec9211ddd5a3e967c9b41af83af76a') in 0.173562 seconds
  Import took 0.179205 seconds .

========================================================================
Received Import Request.
  Time since last request: 0.000376 seconds.
  path: Assets/Models/GridBox_Default.png
  artifactKey: Guid(e4529536a4299764eb77b61663d22cea) Importer(815301076,1909f56bfc062723c751e8b465ee728b)
Start importing Assets/Models/GridBox_Default.png using Guid(e4529536a4299764eb77b61663d22cea) Importer(815301076,1909f56bfc062723c751e8b465ee728b)  -> (artifact id: '6a363ea457dcda0882691aa55a66a23e') in 0.113009 seconds
  Import took 0.154496 seconds .

========================================================================
Received Import Request.
  Time since last request: 0.000496 seconds.
  path: Assets/Models/Obstacle.obj
  artifactKey: Guid(f27daf76bd3d97242b0021ca2b4eec6d) Importer(815301076,1909f56bfc062723c751e8b465ee728b)
Start importing Assets/Models/Obstacle.obj using Guid(f27daf76bd3d97242b0021ca2b4eec6d) Importer(815301076,1909f56bfc062723c751e8b465ee728b)  -> (artifact id: '63aa61eb927e09705bb6124c0c4f7da1') in 0.048625 seconds
  Import took 0.070456 seconds .

========================================================================
Received Import Request.
  Time since last request: 0.000432 seconds.
  path: Assets/Models/GridBox_Default.png
  artifactKey: Guid(e4529536a4299764eb77b61663d22cea) Importer(815301076,1909f56bfc062723c751e8b465ee728b)
Start importing Assets/Models/GridBox_Default.png using Guid(e4529536a4299764eb77b61663d22cea) Importer(815301076,1909f56bfc062723c751e8b465ee728b)  -> (artifact id: '6a363ea457dcda0882691aa55a66a23e') in 0.032483 seconds
  Import took 0.038546 seconds .

========================================================================
Received Import Request.
  Time since last request: 27.438723 seconds.
  path: Assets/Models/Cone.mtl
  artifactKey: Guid(639cae899f6c019408bc45dcea3f1121) Importer(815301076,1909f56bfc062723c751e8b465ee728b)
Start importing Assets/Models/Cone.mtl using Guid(639cae899f6c019408bc45dcea3f1121) Importer(815301076,1909f56bfc062723c751e8b465ee728b)  -> (artifact id: '3493478a5125e640916aefd3dd74f0a8') in 0.006038 seconds
  Import took 0.044658 seconds .

========================================================================
Received Import Request.
  Time since last request: 160.217428 seconds.
  path: Assets/Resources/DOTweenSettings.asset
  artifactKey: Guid(4be03bea170c0ac499b4e82a8f98a9bd) Importer(815301076,1909f56bfc062723c751e8b465ee728b)
Start importing Assets/Resources/DOTweenSettings.asset using Guid(4be03bea170c0ac499b4e82a8f98a9bd) Importer(815301076,1909f56bfc062723c751e8b465ee728b)  -> (artifact id: 'dea45c7d3b7d1007e9fe3ca49a3475e7') in 0.850459 seconds
  Import took 0.880689 seconds .

========================================================================
Received Import Request.
  Time since last request: 4.801306 seconds.
  path: Assets/Material/Block.mat
  artifactKey: Guid(95bd2d756db019140af527d596008cc3) Importer(815301076,1909f56bfc062723c751e8b465ee728b)
Start importing Assets/Material/Block.mat using Guid(95bd2d756db019140af527d596008cc3) Importer(815301076,1909f56bfc062723c751e8b465ee728b)  -> (artifact id: '984abbcf41e68f4a189afbfd4a5eabd1') in 0.034964 seconds
  Import took 0.055705 seconds .

========================================================================
Received Import Request.
  Time since last request: 0.000598 seconds.
  path: Assets/Material/Obstacle.mat
  artifactKey: Guid(23559bb01e145a04ba44e3c2af106825) Importer(815301076,1909f56bfc062723c751e8b465ee728b)
Start importing Assets/Material/Obstacle.mat using Guid(23559bb01e145a04ba44e3c2af106825) Importer(815301076,1909f56bfc062723c751e8b465ee728b)  -> (artifact id: '5c04ad09e6f7ce265231b48a85a7b64b') in 0.026518 seconds
  Import took 0.050427 seconds .

========================================================================
Received Import Request.
  Time since last request: 0.000451 seconds.
  path: Assets/Material/Bullet.mat
  artifactKey: Guid(aa045dc3513acdc4fa6a677ab7f9eabc) Importer(815301076,1909f56bfc062723c751e8b465ee728b)
Start importing Assets/Material/Bullet.mat using Guid(aa045dc3513acdc4fa6a677ab7f9eabc) Importer(815301076,1909f56bfc062723c751e8b465ee728b)  -> (artifact id: '3a23fd6cfbe62a3d74a06ab568f8ad85') in 0.049794 seconds
  Import took 0.053152 seconds .

========================================================================
Received Import Request.
  Time since last request: 0.000499 seconds.
  path: Assets/Material/Tank.mat
  artifactKey: Guid(43aad94d29c912b40a8f05a586cafe05) Importer(815301076,1909f56bfc062723c751e8b465ee728b)
Start importing Assets/Material/Tank.mat using Guid(43aad94d29c912b40a8f05a586cafe05) Importer(815301076,1909f56bfc062723c751e8b465ee728b)  -> (artifact id: '699761cc4f06412df24d8f69b3171e32') in 0.053769 seconds
  Import took 0.069770 seconds .

========================================================================
Received Import Request.
  Time since last request: 0.001478 seconds.
  path: Assets/Material/Tank.mat
  artifactKey: Guid(43aad94d29c912b40a8f05a586cafe05) Importer(815301076,1909f56bfc062723c751e8b465ee728b)
Start importing Assets/Material/Tank.mat using Guid(43aad94d29c912b40a8f05a586cafe05) Importer(815301076,1909f56bfc062723c751e8b465ee728b)  -> (artifact id: '699761cc4f06412df24d8f69b3171e32') in 0.008928 seconds
  Import took 0.013472 seconds .

========================================================================
Received Import Request.
  Time since last request: 191.664313 seconds.
  path: Assets/Prefabs/CubeBullet.prefab
  artifactKey: Guid(f09f4862cafd2fe4f89489ab2b431a58) Importer(815301076,1909f56bfc062723c751e8b465ee728b)
Start importing Assets/Prefabs/CubeBullet.prefab using Guid(f09f4862cafd2fe4f89489ab2b431a58) Importer(815301076,1909f56bfc062723c751e8b465ee728b)  -> (artifact id: 'c97daf909b09af439df2237658fea2e0') in 0.047075 seconds
  Import took 0.064323 seconds .

========================================================================
Received Import Request.
  Time since last request: 0.010458 seconds.
  path: Assets/Prefabs/CubeBullet.prefab
  artifactKey: Guid(f09f4862cafd2fe4f89489ab2b431a58) Importer(815301076,1909f56bfc062723c751e8b465ee728b)
Start importing Assets/Prefabs/CubeBullet.prefab using Guid(f09f4862cafd2fe4f89489ab2b431a58) Importer(815301076,1909f56bfc062723c751e8b465ee728b)  -> (artifact id: 'c97daf909b09af439df2237658fea2e0') in 0.010015 seconds
  Import took 0.015398 seconds .

========================================================================
Received Import Request.
  Time since last request: 74.199804 seconds.
  path: Assets/Prefabs/CubeBullet.prefab
  artifactKey: Guid(f09f4862cafd2fe4f89489ab2b431a58) Importer(815301076,1909f56bfc062723c751e8b465ee728b)
Start importing Assets/Prefabs/CubeBullet.prefab using Guid(f09f4862cafd2fe4f89489ab2b431a58) Importer(815301076,1909f56bfc062723c751e8b465ee728b)  -> (artifact id: '1136acf2b4323da9436e0644a7f1e700') in 0.011134 seconds
  Import took 0.045131 seconds .

========================================================================
Received Import Request.
  Time since last request: 8.746880 seconds.
  path: Assets/Prefabs/CubeBullet.prefab
  artifactKey: Guid(f09f4862cafd2fe4f89489ab2b431a58) Importer(815301076,1909f56bfc062723c751e8b465ee728b)
Start importing Assets/Prefabs/CubeBullet.prefab using Guid(f09f4862cafd2fe4f89489ab2b431a58) Importer(815301076,1909f56bfc062723c751e8b465ee728b)  -> (artifact id: '968ae993e550898ff5a1d346c08e79a8') in 0.010926 seconds
  Import took 0.026985 seconds .

========================================================================
Received Import Request.
  Time since last request: 1.805626 seconds.
  path: Assets/Prefabs/CubeBullet.prefab
  artifactKey: Guid(f09f4862cafd2fe4f89489ab2b431a58) Importer(815301076,1909f56bfc062723c751e8b465ee728b)
Start importing Assets/Prefabs/CubeBullet.prefab using Guid(f09f4862cafd2fe4f89489ab2b431a58) Importer(815301076,1909f56bfc062723c751e8b465ee728b)  -> (artifact id: '6d9ba55d98f856704e9878cf9a713fc1') in 0.010766 seconds
  Import took 0.015247 seconds .

========================================================================
Received Import Request.
  Time since last request: 19.327551 seconds.
  path: Assets/Prefabs/CubeBullet.prefab
  artifactKey: Guid(f09f4862cafd2fe4f89489ab2b431a58) Importer(815301076,1909f56bfc062723c751e8b465ee728b)
Start importing Assets/Prefabs/CubeBullet.prefab using Guid(f09f4862cafd2fe4f89489ab2b431a58) Importer(815301076,1909f56bfc062723c751e8b465ee728b)  -> (artifact id: '302e453e127d9d46d957d85b6156c949') in 0.010095 seconds
  Import took 0.015638 seconds .

========================================================================
Received Import Request.
  Time since last request: 9.992908 seconds.
  path: Assets/Prefabs/CubeBullet.prefab
  artifactKey: Guid(f09f4862cafd2fe4f89489ab2b431a58) Importer(815301076,1909f56bfc062723c751e8b465ee728b)
Start importing Assets/Prefabs/CubeBullet.prefab using Guid(f09f4862cafd2fe4f89489ab2b431a58) Importer(815301076,1909f56bfc062723c751e8b465ee728b)  -> (artifact id: '3a4e5166f6ff91487a17064ba17a58fd') in 0.021493 seconds
  Import took 0.026322 seconds .

========================================================================
Received Import Request.
  Time since last request: 0.598191 seconds.
  path: Assets/Prefabs/CubeBullet.prefab
  artifactKey: Guid(f09f4862cafd2fe4f89489ab2b431a58) Importer(815301076,1909f56bfc062723c751e8b465ee728b)
Start importing Assets/Prefabs/CubeBullet.prefab using Guid(f09f4862cafd2fe4f89489ab2b431a58) Importer(815301076,1909f56bfc062723c751e8b465ee728b)  -> (artifact id: 'a925569118d240fbff5d1e8bab7457e6') in 0.019390 seconds
  Import took 0.043132 seconds .

========================================================================
Received Import Request.
  Time since last request: 0.168776 seconds.
  path: Assets/Prefabs/CubeBullet.prefab
  artifactKey: Guid(f09f4862cafd2fe4f89489ab2b431a58) Importer(815301076,1909f56bfc062723c751e8b465ee728b)
Start importing Assets/Prefabs/CubeBullet.prefab using Guid(f09f4862cafd2fe4f89489ab2b431a58) Importer(815301076,1909f56bfc062723c751e8b465ee728b)  -> (artifact id: 'efef3d933a52d9ba67f63d80110796ba') in 0.010648 seconds
  Import took 0.015508 seconds .

========================================================================
Received Import Request.
  Time since last request: 6.488517 seconds.
  path: Assets/Prefabs/CubeBullet.prefab
  artifactKey: Guid(f09f4862cafd2fe4f89489ab2b431a58) Importer(815301076,1909f56bfc062723c751e8b465ee728b)
Start importing Assets/Prefabs/CubeBullet.prefab using Guid(f09f4862cafd2fe4f89489ab2b431a58) Importer(815301076,1909f56bfc062723c751e8b465ee728b)  -> (artifact id: 'f2ac3eb6031791ff09717f32089492b7') in 0.009719 seconds
  Import took 0.040671 seconds .

========================================================================
Received Import Request.
  Time since last request: 21.617680 seconds.
  path: Assets/Prefabs/BallBullet.prefab
  artifactKey: Guid(53ef8409cc672ec41b195f8e6a68e8c7) Importer(815301076,1909f56bfc062723c751e8b465ee728b)
Start importing Assets/Prefabs/BallBullet.prefab using Guid(53ef8409cc672ec41b195f8e6a68e8c7) Importer(815301076,1909f56bfc062723c751e8b465ee728b)  -> (artifact id: '9b9d300869c49c99f2a7dba9a2cbdde9') in 0.010017 seconds
  Import took 0.013669 seconds .

========================================================================
Received Import Request.
  Time since last request: 0.424080 seconds.
  path: Assets/Prefabs/BallBullet.prefab
  artifactKey: Guid(53ef8409cc672ec41b195f8e6a68e8c7) Importer(815301076,1909f56bfc062723c751e8b465ee728b)
Start importing Assets/Prefabs/BallBullet.prefab using Guid(53ef8409cc672ec41b195f8e6a68e8c7) Importer(815301076,1909f56bfc062723c751e8b465ee728b)  -> (artifact id: '71c8285115d55bef8fac384a3ea91209') in 0.010727 seconds
  Import took 0.040956 seconds .

========================================================================
Received Import Request.
  Time since last request: 0.368668 seconds.
  path: Assets/Prefabs/BallBullet.prefab
  artifactKey: Guid(53ef8409cc672ec41b195f8e6a68e8c7) Importer(815301076,1909f56bfc062723c751e8b465ee728b)
Start importing Assets/Prefabs/BallBullet.prefab using Guid(53ef8409cc672ec41b195f8e6a68e8c7) Importer(815301076,1909f56bfc062723c751e8b465ee728b)  -> (artifact id: 'a12d224f0fe4905b6266484a13534ea0') in 0.012324 seconds
  Import took 0.032725 seconds .

========================================================================
Received Prepare
Registering precompiled user dll's ...
Registered in 0.001890 seconds.
Begin MonoManager ReloadAssembly
Error: Could not load signature of Unity.Android.Logcat.AndroidLogcat:.ctor due to: Could not load file or assembly 'UnityEditor.Android.Extensions, Version=1.0.0.0, Culture=neutral, PublicKeyToken=null' or one of its dependencies. assembly:UnityEditor.Android.Extensions, Version=1.0.0.0, Culture=neutral, PublicKeyToken=null type:<unknown type> member:(null) signature:<none>

Unloading broken assembly Library/ScriptAssemblies/Unity.Mobile.AndroidLogcat.Editor.dll, this assembly can cause crashes in the runtime

Native extension for LinuxStandalone target not found
Native extension for WindowsStandalone target not found
Refreshing native plugins compatible for Editor in 0.44 ms, found 0 plugins.
Preloading 0 native plugins for Editor in 0.00 ms.
Warning: Annotation not found!

Invoked RoslynAnalysisRunner static constructor.
RoslynAnalysisRunner will not be running.
RoslynAnalysisRunner has terminated.
Mono: successfully reloaded assembly
- Completed reload, in  1.846 seconds
Platform modules already initialized, skipping
Refreshing native plugins compatible for Editor in 1.38 ms, found 0 plugins.
Preloading 0 native plugins for Editor in 0.00 ms.
Unloading 1548 Unused Serialized files (Serialized files now loaded: 0)
System memory in use before: 150.2 MB.
System memory in use after: 150.3 MB.

Unloading 20 unused Assets to reduce memory usage. Loaded Objects now: 2112.
Total: 3.030300 ms (FindLiveObjects: 0.361200 ms CreateObjectMapping: 0.097000 ms MarkObjects: 2.459800 ms  DeleteObjects: 0.109600 ms)

========================================================================
Received Import Request.
  Time since last request: 568.912995 seconds.
  path: Assets/Prefabs/Tank.prefab
  artifactKey: Guid(676fe59a8f457a144b63860b36fbdc71) Importer(815301076,1909f56bfc062723c751e8b465ee728b)
Start importing Assets/Prefabs/Tank.prefab using Guid(676fe59a8f457a144b63860b36fbdc71) Importer(815301076,1909f56bfc062723c751e8b465ee728b)  -> (artifact id: '34694986f1722a56aae62395910c8623') in 0.127244 seconds
  Import took 0.131312 seconds .

========================================================================
Received Prepare
Registering precompiled user dll's ...
Registered in 0.002818 seconds.
Begin MonoManager ReloadAssembly
Error: Could not load signature of Unity.Android.Logcat.AndroidLogcat:.ctor due to: Could not load file or assembly 'UnityEditor.Android.Extensions, Version=1.0.0.0, Culture=neutral, PublicKeyToken=null' or one of its dependencies. assembly:UnityEditor.Android.Extensions, Version=1.0.0.0, Culture=neutral, PublicKeyToken=null type:<unknown type> member:(null) signature:<none>

Unloading broken assembly Library/ScriptAssemblies/Unity.Mobile.AndroidLogcat.Editor.dll, this assembly can cause crashes in the runtime

Native extension for LinuxStandalone target not found
Native extension for WindowsStandalone target not found
Refreshing native plugins compatible for Editor in 0.57 ms, found 0 plugins.
Preloading 0 native plugins for Editor in 0.00 ms.
Warning: Annotation not found!

Invoked RoslynAnalysisRunner static constructor.
RoslynAnalysisRunner will not be running.
RoslynAnalysisRunner has terminated.
Mono: successfully reloaded assembly
- Completed reload, in  1.402 seconds
Platform modules already initialized, skipping
Refreshing native plugins compatible for Editor in 0.53 ms, found 0 plugins.
Preloading 0 native plugins for Editor in 0.00 ms.
Unloading 1548 Unused Serialized files (Serialized files now loaded: 0)
System memory in use before: 150.4 MB.
System memory in use after: 150.5 MB.

Unloading 20 unused Assets to reduce memory usage. Loaded Objects now: 2115.
Total: 3.130200 ms (FindLiveObjects: 0.464200 ms CreateObjectMapping: 0.176600 ms MarkObjects: 2.377200 ms  DeleteObjects: 0.110500 ms)

========================================================================
Received Import Request.
  Time since last request: 4.782459 seconds.
  path: Assets/Prefabs/Tank.prefab
  artifactKey: Guid(676fe59a8f457a144b63860b36fbdc71) Importer(815301076,1909f56bfc062723c751e8b465ee728b)
Start importing Assets/Prefabs/Tank.prefab using Guid(676fe59a8f457a144b63860b36fbdc71) Importer(815301076,1909f56bfc062723c751e8b465ee728b)  -> (artifact id: 'd12120261b61366f239ad8dbbfc54035') in 0.091459 seconds
  Import took 0.109258 seconds .

========================================================================
Received Import Request.
  Time since last request: 0.008436 seconds.
  path: Assets/Prefabs/Tank.prefab
  artifactKey: Guid(676fe59a8f457a144b63860b36fbdc71) Importer(815301076,1909f56bfc062723c751e8b465ee728b)
Start importing Assets/Prefabs/Tank.prefab using Guid(676fe59a8f457a144b63860b36fbdc71) Importer(815301076,1909f56bfc062723c751e8b465ee728b)  -> (artifact id: 'd12120261b61366f239ad8dbbfc54035') in 0.011137 seconds
  Import took 0.017110 seconds .

========================================================================
Received Prepare
Registering precompiled user dll's ...
Registered in 0.003937 seconds.
Begin MonoManager ReloadAssembly
Error: Could not load signature of Unity.Android.Logcat.AndroidLogcat:.ctor due to: Could not load file or assembly 'UnityEditor.Android.Extensions, Version=1.0.0.0, Culture=neutral, PublicKeyToken=null' or one of its dependencies. assembly:UnityEditor.Android.Extensions, Version=1.0.0.0, Culture=neutral, PublicKeyToken=null type:<unknown type> member:(null) signature:<none>

Unloading broken assembly Library/ScriptAssemblies/Unity.Mobile.AndroidLogcat.Editor.dll, this assembly can cause crashes in the runtime

Native extension for LinuxStandalone target not found
Native extension for WindowsStandalone target not found
Refreshing native plugins compatible for Editor in 0.62 ms, found 0 plugins.
Preloading 0 native plugins for Editor in 0.00 ms.
Warning: Annotation not found!

Invoked RoslynAnalysisRunner static constructor.
RoslynAnalysisRunner will not be running.
RoslynAnalysisRunner has terminated.
Mono: successfully reloaded assembly
- Completed reload, in  1.407 seconds
Platform modules already initialized, skipping
Refreshing native plugins compatible for Editor in 0.85 ms, found 0 plugins.
Preloading 0 native plugins for Editor in 0.00 ms.
Unloading 1548 Unused Serialized files (Serialized files now loaded: 0)
System memory in use before: 150.5 MB.
System memory in use after: 150.6 MB.

Unloading 20 unused Assets to reduce memory usage. Loaded Objects now: 2118.
Total: 4.110700 ms (FindLiveObjects: 0.228500 ms CreateObjectMapping: 0.101400 ms MarkObjects: 3.703900 ms  DeleteObjects: 0.075300 ms)

========================================================================
Received Prepare
Registering precompiled user dll's ...
Registered in 0.002294 seconds.
Begin MonoManager ReloadAssembly
Error: Could not load signature of Unity.Android.Logcat.AndroidLogcat:.ctor due to: Could not load file or assembly 'UnityEditor.Android.Extensions, Version=1.0.0.0, Culture=neutral, PublicKeyToken=null' or one of its dependencies. assembly:UnityEditor.Android.Extensions, Version=1.0.0.0, Culture=neutral, PublicKeyToken=null type:<unknown type> member:(null) signature:<none>

Unloading broken assembly Library/ScriptAssemblies/Unity.Mobile.AndroidLogcat.Editor.dll, this assembly can cause crashes in the runtime

Native extension for LinuxStandalone target not found
Native extension for WindowsStandalone target not found
Refreshing native plugins compatible for Editor in 0.54 ms, found 0 plugins.
Preloading 0 native plugins for Editor in 0.00 ms.
Warning: Annotation not found!

Invoked RoslynAnalysisRunner static constructor.
RoslynAnalysisRunner will not be running.
RoslynAnalysisRunner has terminated.
Mono: successfully reloaded assembly
- Completed reload, in  1.773 seconds
Platform modules already initialized, skipping
Refreshing native plugins compatible for Editor in 0.57 ms, found 0 plugins.
Preloading 0 native plugins for Editor in 0.00 ms.
Unloading 1548 Unused Serialized files (Serialized files now loaded: 0)
System memory in use before: 149.7 MB.
System memory in use after: 149.8 MB.

Unloading 20 unused Assets to reduce memory usage. Loaded Objects now: 2120.
Total: 4.807700 ms (FindLiveObjects: 0.211000 ms CreateObjectMapping: 0.074000 ms MarkObjects: 4.358100 ms  DeleteObjects: 0.162500 ms)

========================================================================
Received Prepare
Registering precompiled user dll's ...
Registered in 0.001990 seconds.
Begin MonoManager ReloadAssembly
Error: Could not load signature of Unity.Android.Logcat.AndroidLogcat:.ctor due to: Could not load file or assembly 'UnityEditor.Android.Extensions, Version=1.0.0.0, Culture=neutral, PublicKeyToken=null' or one of its dependencies. assembly:UnityEditor.Android.Extensions, Version=1.0.0.0, Culture=neutral, PublicKeyToken=null type:<unknown type> member:(null) signature:<none>

Unloading broken assembly Library/ScriptAssemblies/Unity.Mobile.AndroidLogcat.Editor.dll, this assembly can cause crashes in the runtime

Native extension for LinuxStandalone target not found
Native extension for WindowsStandalone target not found
Refreshing native plugins compatible for Editor in 0.43 ms, found 0 plugins.
Preloading 0 native plugins for Editor in 0.00 ms.
Warning: Annotation not found!

Invoked RoslynAnalysisRunner static constructor.
RoslynAnalysisRunner will not be running.
RoslynAnalysisRunner has terminated.
Mono: successfully reloaded assembly
- Completed reload, in  1.245 seconds
Platform modules already initialized, skipping
Refreshing native plugins compatible for Editor in 0.50 ms, found 0 plugins.
Preloading 0 native plugins for Editor in 0.00 ms.
Unloading 1548 Unused Serialized files (Serialized files now loaded: 0)
System memory in use before: 149.9 MB.
System memory in use after: 149.9 MB.

Unloading 20 unused Assets to reduce memory usage. Loaded Objects now: 2122.
Total: 4.365000 ms (FindLiveObjects: 0.312000 ms CreateObjectMapping: 0.113300 ms MarkObjects: 3.767600 ms  DeleteObjects: 0.169900 ms)

========================================================================
Received Prepare
Registering precompiled user dll's ...
Registered in 0.004591 seconds.
Begin MonoManager ReloadAssembly
Error: Could not load signature of Unity.Android.Logcat.AndroidLogcat:.ctor due to: Could not load file or assembly 'UnityEditor.Android.Extensions, Version=1.0.0.0, Culture=neutral, PublicKeyToken=null' or one of its dependencies. assembly:UnityEditor.Android.Extensions, Version=1.0.0.0, Culture=neutral, PublicKeyToken=null type:<unknown type> member:(null) signature:<none>

Unloading broken assembly Library/ScriptAssemblies/Unity.Mobile.AndroidLogcat.Editor.dll, this assembly can cause crashes in the runtime

Native extension for LinuxStandalone target not found
Native extension for WindowsStandalone target not found
Refreshing native plugins compatible for Editor in 0.73 ms, found 0 plugins.
Preloading 0 native plugins for Editor in 0.00 ms.
Warning: Annotation not found!

Invoked RoslynAnalysisRunner static constructor.
RoslynAnalysisRunner will not be running.
RoslynAnalysisRunner has terminated.
Mono: successfully reloaded assembly
- Completed reload, in  1.346 seconds
Platform modules already initialized, skipping
Refreshing native plugins compatible for Editor in 0.51 ms, found 0 plugins.
Preloading 0 native plugins for Editor in 0.00 ms.
Unloading 1548 Unused Serialized files (Serialized files now loaded: 0)
System memory in use before: 150.0 MB.
System memory in use after: 150.1 MB.

Unloading 20 unused Assets to reduce memory usage. Loaded Objects now: 2124.
Total: 2.740700 ms (FindLiveObjects: 0.238800 ms CreateObjectMapping: 0.065700 ms MarkObjects: 2.326600 ms  DeleteObjects: 0.108600 ms)

========================================================================
Received Prepare
Registering precompiled user dll's ...
Registered in 0.003874 seconds.
Begin MonoManager ReloadAssembly
Error: Could not load signature of Unity.Android.Logcat.AndroidLogcat:.ctor due to: Could not load file or assembly 'UnityEditor.Android.Extensions, Version=1.0.0.0, Culture=neutral, PublicKeyToken=null' or one of its dependencies. assembly:UnityEditor.Android.Extensions, Version=1.0.0.0, Culture=neutral, PublicKeyToken=null type:<unknown type> member:(null) signature:<none>

Unloading broken assembly Library/ScriptAssemblies/Unity.Mobile.AndroidLogcat.Editor.dll, this assembly can cause crashes in the runtime

Native extension for LinuxStandalone target not found
Native extension for WindowsStandalone target not found
Refreshing native plugins compatible for Editor in 0.68 ms, found 0 plugins.
Preloading 0 native plugins for Editor in 0.00 ms.
Warning: Annotation not found!

Invoked RoslynAnalysisRunner static constructor.
RoslynAnalysisRunner will not be running.
RoslynAnalysisRunner has terminated.
Mono: successfully reloaded assembly
- Completed reload, in  2.091 seconds
Platform modules already initialized, skipping
Refreshing native plugins compatible for Editor in 1.01 ms, found 0 plugins.
Preloading 0 native plugins for Editor in 0.00 ms.
Unloading 1548 Unused Serialized files (Serialized files now loaded: 0)
System memory in use before: 150.2 MB.
System memory in use after: 150.2 MB.

Unloading 20 unused Assets to reduce memory usage. Loaded Objects now: 2126.
Total: 3.388800 ms (FindLiveObjects: 0.253700 ms CreateObjectMapping: 0.079100 ms MarkObjects: 2.955800 ms  DeleteObjects: 0.098400 ms)

